{
  "RSpec": {
    "coverage": {
      "/Users/Dave/CodeFellows/ticketee/app/models/user.rb": [
        1,
        null,
        null,
        null,
        1,
        null,
        null,
        null,
        null,
        1,
        1,
        null,
        1,
        null,
        1,
        54,
        null,
        null,
        null
      ],
      "/Users/Dave/CodeFellows/ticketee/app/controllers/application_controller.rb": [
        1,
        1,
        null,
        1,
        null,
        1,
        null,
        1,
        88,
        88,
        6,
        6,
        null,
        null,
        null,
        1,
        502,
        null,
        null,
        null
      ],
      "/Users/Dave/CodeFellows/ticketee/app/helpers/application_helper.rb": [
        1,
        null,
        1,
        48,
        48,
        48,
        null,
        null,
        null,
        null,
        1,
        439,
        null,
        null,
        1,
        171,
        null,
        null
      ],
      "/Users/Dave/CodeFellows/ticketee/app/helpers/admin/permissions_helper.rb": [
        1,
        null,
        1,
        null,
        null,
        null,
        null,
        null,
        null,
        20,
        null,
        null,
        null
      ],
      "/Users/Dave/CodeFellows/ticketee/app/helpers/admin/states_helper.rb": [
        1,
        null
      ],
      "/Users/Dave/CodeFellows/ticketee/app/helpers/admin/users_helper.rb": [
        1,
        null
      ],
      "/Users/Dave/CodeFellows/ticketee/app/helpers/comments_helper.rb": [
        1,
        null
      ],
      "/Users/Dave/CodeFellows/ticketee/app/helpers/files_helper.rb": [
        1,
        null
      ],
      "/Users/Dave/CodeFellows/ticketee/app/helpers/projects_helper.rb": [
        1,
        null
      ],
      "/Users/Dave/CodeFellows/ticketee/app/helpers/tags_helper.rb": [
        1,
        null
      ],
      "/Users/Dave/CodeFellows/ticketee/app/helpers/tickets_helper.rb": [
        null,
        1,
        null,
        1,
        10,
        10,
        2,
        2,
        0,
        null,
        2,
        null,
        null,
        null,
        null,
        null,
        1,
        41,
        31,
        null,
        10,
        null,
        41,
        null,
        null
      ],
      "/Users/Dave/CodeFellows/ticketee/app/helpers/users_helper.rb": [
        1,
        null
      ],
      "/Users/Dave/CodeFellows/ticketee/app/controllers/admin/base_controller.rb": [
        1,
        1,
        null,
        1,
        null,
        null,
        null,
        null
      ],
      "/Users/Dave/CodeFellows/ticketee/app/controllers/admin/permissions_controller.rb": [
        1,
        1,
        null,
        1,
        10,
        10,
        null,
        null,
        1,
        5,
        null,
        5,
        5,
        9,
        null,
        5,
        5,
        5,
        null,
        null,
        1,
        null,
        1,
        15,
        null,
        null
      ],
      "/Users/Dave/CodeFellows/ticketee/app/models/permission.rb": [
        1,
        1,
        null,
        1,
        1,
        null
      ],
      "/Users/Dave/CodeFellows/ticketee/app/controllers/admin/states_controller.rb": [
        1,
        null,
        1,
        4,
        null,
        null,
        1,
        1,
        null,
        null,
        1,
        1,
        1,
        1,
        1,
        null,
        0,
        0,
        null,
        null,
        null,
        1,
        1,
        1,
        null,
        1,
        1,
        null,
        null,
        null
      ],
      "/Users/Dave/CodeFellows/ticketee/app/models/state.rb": [
        1,
        1,
        null,
        1,
        14,
        null,
        null,
        1,
        1,
        null,
        1,
        1,
        null,
        1,
        1,
        1,
        null,
        null,
        null,
        null,
        null
      ],
      "/Users/Dave/CodeFellows/ticketee/app/controllers/admin/users_controller.rb": [
        1,
        null,
        1,
        null,
        1,
        19,
        null,
        null,
        1,
        3,
        null,
        null,
        1,
        3,
        3,
        2,
        2,
        null,
        1,
        1,
        null,
        null,
        null,
        1,
        null,
        null,
        1,
        null,
        null,
        1,
        3,
        3,
        3,
        3,
        null,
        3,
        2,
        2,
        null,
        1,
        1,
        null,
        null,
        null,
        1,
        2,
        1,
        null,
        1,
        1,
        null,
        null,
        2,
        null,
        null,
        1,
        1,
        18,
        null,
        null,
        null
      ],
      "/Users/Dave/CodeFellows/ticketee/app/controllers/comments_controller.rb": [
        1,
        1,
        1,
        null,
        null,
        1,
        10,
        10,
        10,
        10,
        9,
        9,
        null,
        1,
        1,
        1,
        null,
        null,
        null,
        1,
        null,
        1,
        10,
        null,
        null,
        1,
        10,
        8,
        null,
        10,
        6,
        null,
        null,
        null
      ],
      "/Users/Dave/CodeFellows/ticketee/app/models/comment.rb": [
        1,
        1,
        null,
        1,
        null,
        1,
        null,
        1,
        1,
        1,
        1,
        null,
        1,
        1,
        null,
        1,
        null,
        1,
        null,
        1,
        null,
        1,
        null,
        1,
        9,
        9,
        null,
        null,
        1,
        9,
        null,
        null,
        1,
        9,
        3,
        1,
        null,
        3,
        3,
        null,
        null,
        null,
        1,
        9,
        null,
        null,
        null
      ],
      "/Users/Dave/CodeFellows/ticketee/app/controllers/files_controller.rb": [
        1,
        null,
        1,
        null,
        1,
        2,
        2,
        1,
        null,
        null,
        null,
        1,
        1,
        null,
        null,
        null,
        1,
        1,
        1,
        1,
        null,
        null,
        null
      ],
      "/Users/Dave/CodeFellows/ticketee/app/controllers/projects_controller.rb": [
        1,
        null,
        1,
        1,
        1,
        null,
        1,
        108,
        null,
        null,
        1,
        2,
        null,
        null,
        1,
        2,
        null,
        2,
        1,
        1,
        null,
        1,
        1,
        null,
        null,
        null,
        1,
        45,
        null,
        null,
        1,
        null,
        null,
        1,
        2,
        1,
        1,
        null,
        1,
        1,
        null,
        null,
        null,
        1,
        1,
        1,
        1,
        null,
        null,
        null,
        1,
        null,
        1,
        54,
        null,
        4,
        4,
        null,
        null,
        null,
        null
      ],
      "/Users/Dave/CodeFellows/ticketee/app/models/project.rb": [
        1,
        1,
        null,
        1,
        null,
        1,
        1,
        null,
        1,
        170,
        null,
        null,
        1,
        235,
        null,
        null,
        null
      ],
      "/Users/Dave/CodeFellows/ticketee/app/controllers/registrations_controller.rb": [
        1,
        null,
        1,
        null,
        1,
        1,
        null,
        null
      ],
      "/Users/Dave/CodeFellows/ticketee/app/controllers/tags_controller.rb": [
        1,
        null,
        1,
        1,
        1,
        1,
        1,
        1,
        null,
        null,
        null
      ],
      "/Users/Dave/CodeFellows/ticketee/app/models/tag.rb": [
        1,
        1,
        null
      ],
      "/Users/Dave/CodeFellows/ticketee/app/controllers/tickets_controller.rb": [
        1,
        null,
        1,
        1,
        1,
        1,
        1,
        1,
        null,
        1,
        7,
        7,
        null,
        null,
        1,
        8,
        3,
        null,
        8,
        8,
        null,
        8,
        6,
        6,
        null,
        2,
        2,
        null,
        null,
        null,
        1,
        40,
        40,
        null,
        null,
        1,
        null,
        null,
        1,
        3,
        2,
        2,
        null,
        1,
        1,
        null,
        null,
        null,
        1,
        2,
        2,
        2,
        null,
        null,
        1,
        3,
        3,
        null,
        null,
        1,
        1,
        1,
        1,
        null,
        0,
        0,
        null,
        null,
        1,
        null,
        null,
        1,
        null,
        1,
        73,
        null,
        1,
        1,
        null,
        null,
        1,
        52,
        null,
        null,
        1,
        17,
        2,
        2,
        null,
        null,
        null,
        1,
        8,
        2,
        2,
        null,
        null,
        null,
        1,
        3,
        1,
        1,
        null,
        null,
        null
      ],
      "/Users/Dave/CodeFellows/ticketee/app/models/ticket.rb": [
        1,
        1,
        1,
        1,
        null,
        null,
        1,
        1,
        1,
        null,
        1,
        null,
        1,
        null,
        1,
        1,
        null,
        null,
        1,
        1,
        1,
        null,
        1,
        null,
        1,
        null,
        1,
        null,
        1,
        null,
        1,
        null,
        1,
        58,
        10,
        9,
        null,
        null,
        null,
        null,
        1,
        58,
        53,
        null,
        null,
        null,
        null
      ],
      "/Users/Dave/CodeFellows/ticketee/app/controllers/users_controller.rb": [
        1,
        1,
        null,
        null
      ],
      "/Users/Dave/CodeFellows/ticketee/app/mailers/notifier.rb": [
        1,
        1,
        null,
        1,
        4,
        4,
        4,
        4,
        4,
        4,
        null,
        null,
        null
      ],
      "/Users/Dave/CodeFellows/ticketee/app/models/ability.rb": [
        1,
        null,
        1,
        null,
        1,
        138,
        223,
        null,
        null,
        68,
        null,
        null,
        null,
        null,
        null
      ],
      "/Users/Dave/CodeFellows/ticketee/app/models/asset.rb": [
        1,
        1,
        1,
        null,
        1,
        null
      ],
      "/Users/Dave/CodeFellows/ticketee/app/observers/comment_observer.rb": [
        1,
        null,
        1,
        9,
        3,
        null,
        null,
        null
      ]
    },
    "timestamp": 1364365621
  }
}
